2012-07-25T01:42:49+00:00 DEBUG (7): 1
2012-07-25T01:43:10+00:00 DEBUG (7): 1
2012-07-25T01:43:10+00:00 DEBUG (7): here0
2012-07-25T01:44:51+00:00 DEBUG (7): 1
2012-07-25T01:44:51+00:00 DEBUG (7): here0
2012-07-25T01:44:51+00:00 DEBUG (7): here1
2012-07-25T01:44:51+00:00 DEBUG (7): here2
2012-07-25T01:44:51+00:00 DEBUG (7): Array
(
    [0] => Array
        (
            [plot_id] => 100
            [name] => Collin's Garden
            [latitude] => 41.87814945
            [longitude] => -88.02463808
            [address] => 490 S Elizabeth
            [city] => Lombard
            [state] => IL
            [zipcode] => 60148
            [about] => 
            [image] => 
            [image_retrieved_at] => 0000-00-00 00:00:00
            [privacy] => 
            [visibility] => public
            [is_new] => 1
            [is_startup] => 0
            [is_active] => 1
            [created_at] => 2012-07-22 22:09:06
            [modified_at] => 2012-07-22 22:09:06
            [associated_users] => Array
                (
                    [103] => Array
                        (
                            [0] => Colony_Object Object
                                (
                                    [_data:protected] => Array
                                        (
                                            [user_id] => 103
                                            [plot_id] => 100
                                            [role] => Creator
                                            [is_approved] => 1
                                            [created_at] => 0000-00-00 00:00:00
                                        )

                                    [_hasDataChanges:protected] => 
                                    [_origData:protected] => 
                                    [_idFieldName:protected] => 
                                    [_isDeleted:protected] => 
                                )

                            [1] => Colony_Object Object
                                (
                                    [_data:protected] => Array
                                        (
                                            [user_id] => 103
                                            [plot_id] => 100
                                            [role] => Owner
                                            [is_approved] => 1
                                            [created_at] => 0000-00-00 00:00:00
                                        )

                                    [_hasDataChanges:protected] => 
                                    [_origData:protected] => 
                                    [_idFieldName:protected] => 
                                    [_isDeleted:protected] => 
                                )

                        )

                )

            [infoWindowHtml] => <h3 class="heading">Collin's Garden</h3><div class="content clearfix"><p class="buttons-set"><a href="http://local.elm-1-0.com/p/100/" title="Collin's Garden">View Plot</a></p></div>
            [url] => http://local.elm-1-0.com/p/100/
        )

)

