2012-05-30T03:06:28+00:00 INFO (6): 41.8781764,-88.02421199999999:Lombard,Illinois,60148,DuPage
2012-05-30T03:34:19+00:00 INFO (6): 41.8781934,-88.024199:Lombard,Illinois,60148,DuPage
2012-06-05T03:21:52+00:00 INFO (6): 41.8782066,-88.02419549999999:Lombard,Illinois,60148,DuPage
2012-06-08T12:09:18+00:00 INFO (6): 41.880029,-88.007843:Lombard,Illinois,60148,DuPage
2012-06-09T23:29:21+00:00 INFO (6): 41.880029,-88.007843:Lombard,Illinois,60148,DuPage
2012-06-10T14:35:15+00:00 INFO (6): 41.8782085,-88.0241885:Lombard,Illinois,60148,DuPage
2012-06-10T16:04:04+00:00 INFO (6): 41.87819,-88.02420409999999:Lombard,Illinois,60148,DuPage
2012-06-10T16:09:17+00:00 INFO (6): 41.8781714,-88.02416889999999:Lombard,Illinois,60148,DuPage
2012-06-10T19:33:30+00:00 INFO (6): 41.8782106,-88.0242122:Lombard,Illinois,60148,DuPage
2012-06-10T21:07:24+00:00 INFO (6): 41.8781824,-88.02416889999999:Lombard,Illinois,60148,DuPage
2012-06-11T00:38:43+00:00 INFO (6): 41.8781824,-88.02416889999999:Lombard,Illinois,60148,DuPage
2012-06-11T02:12:24+00:00 INFO (6): 41.8781871,-88.0244158:Lombard,Illinois,60148,DuPage
2012-06-11T03:46:17+00:00 INFO (6): 41.8781974,-88.0242007:Lombard,Illinois,60148,DuPage
2012-06-17T13:34:50+00:00 INFO (6): 41.8781871,-88.02420939999999:Lombard,Illinois,60148,DuPage
2012-06-17T16:29:35+00:00 INFO (6): 41.8781871,-88.02420939999999:Lombard,Illinois,60148,DuPage
2012-06-18T03:11:42+00:00 INFO (6): 41.8782103,-88.02416559999999:Lombard,Illinois,60148,DuPage
2012-06-20T02:05:09+00:00 INFO (6): 41.880029,-88.007843:Lombard,Illinois,60148,DuPage
2012-06-23T22:41:18+00:00 INFO (6): 41.8782003,-88.0242233:Lombard,Illinois,60148,DuPage
2012-06-24T00:15:07+00:00 INFO (6): 41.8781864,-88.02417249999999:Lombard,Illinois,60148,DuPage
2012-06-24T13:34:25+00:00 INFO (6): 41.8781855,-88.0241763:Lombard,Illinois,60148,DuPage
2012-06-24T15:26:14+00:00 INFO (6): 41.8781697,-88.02421629999999:Lombard,Illinois,60148,DuPage
2012-06-24T17:00:14+00:00 INFO (6): 41.8781857,-88.0241825:Lombard,Illinois,60148,DuPage
2012-06-25T01:06:20+00:00 INFO (6): 41.8781688,-88.0241927:Lombard,Illinois,60148,DuPage
2012-06-25T02:41:45+00:00 INFO (6): 41.87818010000001,-88.0242602:Lombard,Illinois,60148,DuPage
2012-06-28T02:11:25+00:00 INFO (6): 41.87816919999999,-88.0242277:Lombard,Illinois,60148,DuPage
2012-06-28T03:45:48+00:00 INFO (6): 41.8781671,-88.0242197:Lombard,Illinois,60148,DuPage
2012-06-29T02:07:40+00:00 INFO (6): 41.8781611,-88.0241714:Lombard,Illinois,60148,DuPage
2012-07-04T00:11:51+00:00 INFO (6): 41.8781806,-88.0241702:,,,
2012-07-04T15:42:15+00:00 INFO (6): 41.8781806,-88.0241702:Lombard,Illinois,60148,DuPage
2012-07-04T17:22:42+00:00 INFO (6): 41.90109409999999,-87.9355379:Elmhurst,Illinois,60126,DuPage
2012-07-04T19:54:54+00:00 INFO (6): 41.8592026,-88.05740159999999:,,,
2012-07-04T21:10:15+00:00 INFO (6): 41.8592026,-88.05740159999999:,,,
2012-07-04T22:55:23+00:00 INFO (6): 41.899474,-87.94034099999999:Elmhurst,Illinois,60126,DuPage
2012-07-05T00:27:09+00:00 INFO (6): 41.899474,-87.94034099999999:Elmhurst,Illinois,60126,DuPage
2012-07-05T02:01:01+00:00 INFO (6): 41.899474,-87.94034099999999:Elmhurst,Illinois,60126,DuPage
2012-07-06T22:18:23+00:00 INFO (6): 41.899474,-87.94034099999999:,,,
2012-07-07T20:28:49+00:00 INFO (6): 41.899474,-87.94034099999999:Elmhurst,Illinois,60126,DuPage
2012-07-07T22:10:04+00:00 INFO (6): 41.8781613,-88.0241946:Lombard,Illinois,60148,DuPage
2012-07-07T23:37:01+00:00 INFO (6): 41.8781719,-88.0241573:Lombard,Illinois,60148,DuPage
2012-07-08T14:50:27+00:00 INFO (6): 41.87815820000001,-88.02416939999999:Lombard,Illinois,60148,DuPage
2012-07-08T16:26:22+00:00 INFO (6): 41.87815820000001,-88.02416939999999:Lombard,Illinois,60148,DuPage
2012-07-08T19:54:29+00:00 INFO (6): 41.8779204,-88.02412149999999:Lombard,Illinois,60148,DuPage
2012-07-08T21:28:24+00:00 INFO (6): 41.8781895,-88.024152:Lombard,Illinois,60148,DuPage
2012-07-08T23:06:55+00:00 INFO (6): 41.8781664,-88.02417919999999:Lombard,Illinois,60148,DuPage
2012-07-09T00:41:02+00:00 INFO (6): 41.8781774,-88.0241101:Lombard,Illinois,60148,DuPage
2012-07-09T02:29:06+00:00 INFO (6): 41.87820199999999,-88.0241551:Lombard,Illinois,60148,DuPage
2012-07-09T04:00:09+00:00 INFO (6): 41.8781702,-88.02419569999999:Lombard,Illinois,60148,DuPage
2012-07-12T03:00:36+00:00 INFO (6): 41.880029,-88.007843:Lombard,Illinois,60148,DuPage
2012-07-12T05:12:06+00:00 INFO (6): 41.880029,-88.007843:Lombard,Illinois,60148,DuPage
2012-07-29T17:54:29+00:00 INFO (6): 41.880029,-88.007843:Lombard,Illinois,60148,DuPage
2012-07-30T01:24:38+00:00 INFO (6): 41.880029,-88.007843:Lombard,Illinois,60148,DuPage
2012-08-01T02:24:31+00:00 INFO (6): 41.87816100000001,-88.02416749999999:Lombard,Illinois,60148,DuPage
2012-08-05T22:01:11+00:00 INFO (6): 41.87815980000001,-88.0241542:Lombard,Illinois,60148,DuPage
2012-08-05T23:35:00+00:00 INFO (6): 41.8781555,-88.0241757:Lombard,Illinois,60148,DuPage
2012-08-05T23:59:04+00:00 INFO (6): 41.8781686,-88.0241723:Lombard,Illinois,60148,DuPage
2012-08-06T00:47:25+00:00 INFO (6): 41.8781411,-88.02414780000001:Lombard,Illinois,60148,DuPage
2012-08-06T01:19:21+00:00 INFO (6): 41.880029,-88.007843:Lombard,Illinois,60148,DuPage
2012-08-06T01:46:50+00:00 INFO (6): 41.8781669,-88.0242124:Lombard,Illinois,60148,DuPage
2012-08-06T01:48:18+00:00 INFO (6): 41.92160861890928,-88.0839505591797:Glendale Heights,Illinois,60139,DuPage
2012-08-06T01:49:40+00:00 INFO (6): 41.92091694863033,-88.08710351660159:Glendale Heights,Illinois,60139,DuPage
2012-08-06T01:50:09+00:00 INFO (6): 41.88258713872179,-87.93638482763674:Elmhurst,Illinois,60126,DuPage
2012-08-06T02:16:36+00:00 INFO (6): 41.8781514,-88.02418600000001:Lombard,Illinois,60148,DuPage
2012-08-09T01:14:39+00:00 INFO (6): 41.880029,-88.007843:Lombard,Illinois,60148,DuPage
2012-08-09T01:39:42+00:00 INFO (6): 41.8782066,-88.02417559999999:Lombard,Illinois,60148,DuPage
2012-12-02T21:59:47+00:00 INFO (6): 41.8781422,-88.02411939999999:Lombard,Illinois,60148,DuPage
2012-12-02T22:26:41+00:00 INFO (6): 41.8781932,-88.02409899999999:Lombard,Illinois,60148,DuPage
2012-12-03T00:04:41+00:00 INFO (6): 41.8781932,-88.02409899999999:Lombard,Illinois,60148,DuPage
2012-12-03T01:18:16+00:00 INFO (6): 41.8781932,-88.02409899999999:Lombard,Illinois,60148,DuPage
2012-12-03T01:42:28+00:00 INFO (6): 41.8782063,-88.024127:Lombard,Illinois,60148,DuPage
2012-12-03T02:10:21+00:00 INFO (6): 41.8781754,-88.0241638:Lombard,Illinois,60148,DuPage
2012-12-03T02:37:48+00:00 INFO (6): 41.8781651,-88.0241228:Lombard,Illinois,60148,DuPage
2012-12-03T14:20:24+00:00 INFO (6): 41.881812,-87.640417:West Loop Gate,Illinois,60606,Cook
2012-12-04T04:14:22+00:00 INFO (6): 41.8780465,-88.02431740000002:Lombard,Illinois,60148,DuPage
2012-12-04T05:27:03+00:00 INFO (6): 41.8782337,-88.024419:Lombard,Illinois,60148,DuPage
2012-12-09T18:15:36+00:00 INFO (6): 41.8782337,-88.024419:Lombard,Illinois,60148,DuPage
2012-12-09T19:16:35+00:00 INFO (6): 41.8782337,-88.024419:Lombard,Illinois,60148,DuPage
2012-12-16T16:07:54+00:00 INFO (6): 41.8782337,-88.024419:Lombard,Illinois,60148,DuPage
2012-12-16T18:08:52+00:00 INFO (6): 41.8781159,-88.024157:Lombard,Illinois,60148,DuPage
2012-12-16T18:37:41+00:00 INFO (6): 41.8781159,-88.024157:Lombard,Illinois,60148,DuPage
2012-12-16T19:13:48+00:00 INFO (6): 41.878084,-88.0241406:Lombard,Illinois,60148,DuPage
2012-12-16T21:21:11+00:00 INFO (6): 41.878084,-88.0241406:Lombard,Illinois,60148,DuPage
2012-12-16T21:45:34+00:00 INFO (6): 41.8781672,-88.0241078:Lombard,Illinois,60148,DuPage
2012-12-16T22:11:18+00:00 INFO (6): 41.8780227,-88.02415839999999:Lombard,Illinois,60148,DuPage
2012-12-17T23:06:29+00:00 INFO (6): 41.8780227,-88.02415839999999:,,,
2012-12-17T23:29:29+00:00 INFO (6): 41.847636664637896,-87.76932154707032:Cicero,Illinois,60804,Cook
2012-12-17T23:30:35+00:00 INFO (6): 41.87810169999999,-87.6313017:Loop,Cook,United States,Chicago
2012-12-21T01:41:33+00:00 INFO (6): 41.8780578,-88.024135:Lombard,Illinois,60148,DuPage
2012-12-26T23:01:20+00:00 INFO (6): 41.8781325,-88.0241655:Lombard,Illinois,60148,DuPage
2012-12-26T23:30:13+00:00 INFO (6): 41.878087199999996,-88.0241516:Lombard,Illinois,60148,DuPage
2012-12-27T00:01:08+00:00 INFO (6): 41.8781763,-88.0240887:Lombard,Illinois,60148,DuPage
2012-12-27T00:37:38+00:00 INFO (6): 41.8781763,-88.0240887:Lombard,Illinois,60148,DuPage
2012-12-27T01:02:30+00:00 INFO (6): 41.8781093,-88.0241648:Lombard,Illinois,60148,DuPage
2012-12-27T01:30:03+00:00 INFO (6): 41.878113899999995,-88.0241961:Lombard,Illinois,60148,DuPage
2012-12-27T02:03:03+00:00 INFO (6): 41.878113899999995,-88.0241961:Lombard,Illinois,60148,DuPage
2012-12-27T02:30:31+00:00 INFO (6): 41.878113899999995,-88.0241961:Lombard,Illinois,60148,DuPage
2012-12-27T02:55:45+00:00 INFO (6): 41.878113899999995,-88.0241961:Lombard,Illinois,60148,DuPage
2012-12-27T03:22:18+00:00 INFO (6): 41.878160400000006,-88.0241145:Lombard,Illinois,60148,DuPage
2012-12-27T19:21:05+00:00 INFO (6): 41.8780903,-88.02399919999999:Lombard,Illinois,60148,DuPage
2012-12-27T21:58:06+00:00 INFO (6): 41.878075200000005,-88.02415140000001:Lombard,Illinois,60148,DuPage
2012-12-28T20:54:59+00:00 INFO (6): 41.878138199999995,-88.0240742:Lombard,Illinois,60148,DuPage
2012-12-28T21:25:17+00:00 INFO (6): 41.9461597,-87.6449031:Lake View,Illinois,60657,Cook
2012-12-29T21:31:47+00:00 INFO (6): 41.8781259,-88.02411579999999:Lombard,Illinois,60148,DuPage
2012-12-29T21:59:05+00:00 INFO (6): 41.8781259,-88.02411579999999:Lombard,Illinois,60148,DuPage
2012-12-29T22:24:24+00:00 INFO (6): 41.8781311,-88.0240584:Lombard,Illinois,60148,DuPage
2012-12-29T23:05:11+00:00 INFO (6): 41.8781311,-88.0240584:Lombard,Illinois,60148,DuPage
2012-12-30T00:13:43+00:00 INFO (6): 41.8781311,-88.0240584:Lombard,Illinois,60148,DuPage
2012-12-30T00:40:13+00:00 INFO (6): 41.878113,-88.0241065:Lombard,Illinois,60148,DuPage
2012-12-30T01:39:21+00:00 INFO (6): 41.878113,-88.0241065:Lombard,Illinois,60148,DuPage
2012-12-30T16:27:13+00:00 INFO (6): 41.8781452,-88.0241461:Lombard,Illinois,60148,DuPage
2012-12-30T16:59:18+00:00 INFO (6): 41.8780991,-88.02414820000001:Lombard,Illinois,60148,DuPage
2012-12-30T17:23:35+00:00 INFO (6): 41.8780991,-88.02414820000001:Lombard,Illinois,60148,DuPage
2012-12-30T17:48:11+00:00 INFO (6): 41.8780991,-88.02414820000001:Lombard,Illinois,60148,DuPage
2012-12-30T18:24:52+00:00 INFO (6): 41.8780991,-88.02414820000001:Lombard,Illinois,60148,DuPage
2012-12-30T18:49:30+00:00 INFO (6): 41.8780864,-88.02415429999999:Lombard,Illinois,60148,DuPage
2012-12-30T19:25:27+00:00 INFO (6): 41.878095300000005,-88.0241176:Lombard,Illinois,60148,DuPage
2012-12-30T19:53:59+00:00 INFO (6): 41.8781359,-88.0241243:Lombard,Illinois,60148,DuPage
2012-12-30T21:09:11+00:00 INFO (6): 41.8781359,-88.0241243:Lombard,Illinois,60148,DuPage
2012-12-30T22:34:54+00:00 INFO (6): 41.8781488,-88.0240805:Lombard,Illinois,60148,DuPage
2013-01-01T18:23:18+00:00 INFO (6): 41.9461978,-87.64493069999999:Lake View,Illinois,60657,Cook
2013-01-01T20:06:31+00:00 INFO (6): 41.9461491,-87.64493259999999:Lake View,Illinois,60657,Cook
2013-01-01T20:39:28+00:00 INFO (6): 41.9461592,-87.6449365:Lake View,Illinois,60657,Cook
2013-01-01T21:42:52+00:00 INFO (6): 41.946150599999996,-87.6449191:Lake View,Illinois,60657,Cook
2013-01-02T00:28:48+00:00 INFO (6): 41.946150599999996,-87.6449191:Lake View,Illinois,60657,Cook
2013-01-02T00:53:16+00:00 INFO (6): 41.94617780000001,-87.6449301:Lake View,Illinois,60657,Cook
2013-01-02T01:30:39+00:00 INFO (6): 41.9461613,-87.64491609999999:Lake View,Illinois,60657,Cook
2013-01-07T00:50:52+00:00 INFO (6): 41.8781278,-88.0241156:Lombard,Illinois,60148,DuPage
2013-01-07T01:42:57+00:00 INFO (6): 41.8781278,-88.0241156:Lombard,Illinois,60148,DuPage
2013-01-07T02:07:57+00:00 INFO (6): 41.8781278,-88.0241156:Lombard,Illinois,60148,DuPage
2013-01-07T02:41:36+00:00 INFO (6): 41.8781278,-88.0241156:Lombard,Illinois,60148,DuPage
2013-01-07T03:12:55+00:00 INFO (6): 41.878141199999995,-88.02410909999999:Lombard,Illinois,60148,DuPage
2013-01-07T03:40:07+00:00 INFO (6): 41.878141199999995,-88.02410909999999:Lombard,Illinois,60148,DuPage
2013-01-07T04:06:43+00:00 INFO (6): 41.878147399999996,-88.0241015:Lombard,Illinois,60148,DuPage
2013-01-08T02:12:00+00:00 INFO (6): 41.878147399999996,-88.0241015:Lombard,Illinois,60148,DuPage
2013-01-08T02:41:30+00:00 INFO (6): 41.878160699999995,-88.0240838:Lombard,Illinois,60148,DuPage
2013-01-08T03:18:12+00:00 INFO (6): 41.8780767,-88.02401680000001:Lombard,Illinois,60148,DuPage
2013-01-08T03:32:23+00:00 INFO (6): 41.8780767,-88.02401680000001:Lombard,Illinois,60148,DuPage
2013-01-08T03:58:35+00:00 INFO (6): 41.878051,-88.02408659999999:Lombard,Illinois,60148,DuPage
2013-01-08T04:22:35+00:00 INFO (6): 41.878096,-88.0240867:Lombard,Illinois,60148,DuPage
2013-01-08T04:46:41+00:00 INFO (6): 41.878096,-88.0240867:Lombard,Illinois,60148,DuPage
2013-01-09T02:34:19+00:00 INFO (6): 41.878096,-88.0240867:Lombard,Illinois,60148,DuPage
2013-01-09T02:54:51+00:00 INFO (6): 41.8781259,-88.0240891:Lombard,Illinois,60148,DuPage
2013-01-09T03:19:54+00:00 INFO (6): 41.878094399999995,-88.0240956:Lombard,Illinois,60148,DuPage
2013-01-09T04:19:23+00:00 INFO (6): 41.8781067,-88.0241191:Lombard,Illinois,60148,DuPage
2013-01-14T00:01:50+00:00 INFO (6): 41.8781212,-88.0240724:Lombard,Illinois,60148,DuPage
2013-01-14T00:25:53+00:00 INFO (6): 41.8781212,-88.0240724:Lombard,Illinois,60148,DuPage
2013-01-14T01:38:29+00:00 INFO (6): 41.8781212,-88.0240724:Lombard,Illinois,60148,DuPage
2013-01-14T03:00:18+00:00 INFO (6): 41.8781212,-88.0240724:Lombard,Illinois,60148,DuPage
2013-01-14T04:01:40+00:00 INFO (6): 41.8781212,-88.0240724:Lombard,Illinois,60148,DuPage
2013-01-18T14:55:10+00:00 INFO (6): 41.8781465,-87.6307682:Loop,Illinois,60604,Cook
2013-01-18T15:22:07+00:00 INFO (6): 41.8781561,-87.6307619:Loop,Illinois,60604,Cook
2013-01-20T17:11:02+00:00 INFO (6): 41.878101199999996,-88.02412369999999:Lombard,Illinois,60148,DuPage
2013-01-20T19:24:28+00:00 INFO (6): 41.878114,-87.629798:Loop,Illinois,60604,Cook
2013-01-20T20:24:48+00:00 INFO (6): 41.878114,-87.629798:Loop,Illinois,60604,Cook
2013-01-20T23:28:33+00:00 INFO (6): 41.878114,-87.629798:Loop,Illinois,60604,Cook
2013-01-21T01:28:33+00:00 INFO (6): 41.878114,-87.629798:Loop,Illinois,60604,Cook
2013-01-21T02:45:19+00:00 INFO (6): 41.878114,-87.629798:Loop,Illinois,60604,Cook
2013-01-21T03:53:05+00:00 INFO (6): 41.878114,-87.629798:Loop,Illinois,60604,Cook
2013-02-18T02:18:02+00:00 INFO (6): 41.8781786,-88.02411339999999:Lombard,Illinois,60148,DuPage
2013-02-18T05:01:42+00:00 INFO (6): 41.8780855,-88.02407149999999:Lombard,Illinois,60148,DuPage
2013-03-03T21:50:58+00:00 INFO (6): 41.878124299999996,-88.0240675:Lombard,Illinois,60148,DuPage
2013-03-24T20:22:39+00:00 INFO (6): 41.8780819,-88.0242325:Lombard,Illinois,60148,DuPage
2013-03-24T22:20:15+00:00 INFO (6): 41.8780672,-88.02420389999999:Lombard,Illinois,60148,DuPage
2013-04-06T22:46:56+00:00 INFO (6): 41.94617960000001,-87.644897:Lake View,Illinois,60657,Cook
2013-04-28T16:12:34-05:00 INFO (6): 41.8780984,-88.024003:Lombard,Illinois,60148,DuPage
2013-04-28T20:40:29-05:00 INFO (6): 41.878110799999995,-88.02403939999999:Lombard,Illinois,60148,DuPage
2013-06-01T15:58:18-05:00 INFO (6): 41.8781275,-88.02388580000002:Lombard,Illinois,60148,DuPage
2013-06-01T15:59:28-05:00 INFO (6): 41.88974378315359,-87.71528497412112:Humboldt Park,Illinois,60624,Cook
2013-06-01T15:59:51-05:00 INFO (6): 41.88437637498657,-87.76129022314456:South Austin,Illinois,60644,Cook
2013-06-02T18:31:43-05:00 INFO (6): 41.878188699999995,-88.0239762:Lombard,Illinois,60148,DuPage
2015-11-29T19:00:27+01:00 INFO (6): 41.8557376,-87.6241672:Near South Side,Illinois,60616,Cook County
2015-11-29T19:02:20+01:00 INFO (6): 41.855708899999996,-87.6242657:Near South Side,Illinois,60616,Cook County
2015-11-29T19:02:20+01:00 INFO (6): 41.855708899999996,-87.6242657:Near South Side,Illinois,60616,Cook County
