2012-07-04T00:11:51+00:00 INFO (6): http://maps.googleapis.com/maps/api/geocode/json?latlng=41.8781806,-88.0241702&sensor=false
2012-07-04T00:11:51+00:00 INFO (6): 
2012-07-04T15:42:15+00:00 INFO (6): http://maps.googleapis.com/maps/api/geocode/json?latlng=41.8781806,-88.0241702&sensor=false
2012-07-04T15:42:15+00:00 INFO (6): Array
(
    [results] => Array
        (
            [0] => Array
                (
                    [address_components] => Array
                        (
                            [0] => Array
                                (
                                    [long_name] => 256
                                    [short_name] => 256
                                    [types] => Array
                                        (
                                            [0] => street_number
                                        )

                                )

                            [1] => Array
                                (
                                    [long_name] => W Washington Blvd
                                    [short_name] => W Washington Blvd
                                    [types] => Array
                                        (
                                            [0] => route
                                        )

                                )

                            [2] => Array
                                (
                                    [long_name] => Lombard
                                    [short_name] => Lombard
                                    [types] => Array
                                        (
                                            [0] => locality
                                            [1] => political
                                        )

                                )

                            [3] => Array
                                (
                                    [long_name] => York
                                    [short_name] => York
                                    [types] => Array
                                        (
                                            [0] => administrative_area_level_3
                                            [1] => political
                                        )

                                )

                            [4] => Array
                                (
                                    [long_name] => DuPage
                                    [short_name] => DuPage
                                    [types] => Array
                                        (
                                            [0] => administrative_area_level_2
                                            [1] => political
                                        )

                                )

                            [5] => Array
                                (
                                    [long_name] => Illinois
                                    [short_name] => IL
                                    [types] => Array
                                        (
                                            [0] => administrative_area_level_1
                                            [1] => political
                                        )

                                )

                            [6] => Array
                                (
                                    [long_name] => United States
                                    [short_name] => US
                                    [types] => Array
                                        (
                                            [0] => country
                                            [1] => political
                                        )

                                )

                            [7] => Array
                                (
                                    [long_name] => 60148
                                    [short_name] => 60148
                                    [types] => Array
                                        (
                                            [0] => postal_code
                                        )

                                )

                        )

                    [formatted_address] => 256 W Washington Blvd, Lombard, IL 60148, USA
                    [geometry] => Array
                        (
                            [location] => Array
                                (
                                    [lat] => 41.878342
                                    [lng] => -88.023856
                                )

                            [location_type] => ROOFTOP
                            [viewport] => Array
                                (
                                    [northeast] => Array
                                        (
                                            [lat] => 41.8796909803
                                            [lng] => -88.0225070197
                                        )

                                    [southwest] => Array
                                        (
                                            [lat] => 41.8769930197
                                            [lng] => -88.0252049803
                                        )

                                )

                        )

                    [types] => Array
                        (
                            [0] => street_address
                        )

                )

            [1] => Array
                (
                    [address_components] => Array
                        (
                            [0] => Array
                                (
                                    [long_name] => Lombard
                                    [short_name] => Lombard
                                    [types] => Array
                                        (
                                            [0] => locality
                                            [1] => political
                                        )

                                )

                            [1] => Array
                                (
                                    [long_name] => York
                                    [short_name] => York
                                    [types] => Array
                                        (
                                            [0] => administrative_area_level_3
                                            [1] => political
                                        )

                                )

                            [2] => Array
                                (
                                    [long_name] => DuPage
                                    [short_name] => DuPage
                                    [types] => Array
                                        (
                                            [0] => administrative_area_level_2
                                            [1] => political
                                        )

                                )

                            [3] => Array
                                (
                                    [long_name] => Illinois
                                    [short_name] => IL
                                    [types] => Array
                                        (
                                            [0] => administrative_area_level_1
                                            [1] => political
                                        )

                                )

                            [4] => Array
                                (
                                    [long_name] => United States
                                    [short_name] => US
                                    [types] => Array
                                        (
                                            [0] => country
                                            [1] => political
                                        )

                                )

                        )

                    [formatted_address] => Lombard, IL, USA
                    [geometry] => Array
                        (
                            [bounds] => Array
                                (
                                    [northeast] => Array
                                        (
                                            [lat] => 41.915062
                                            [lng] => -87.987256
                                        )

                                    [southwest] => Array
                                        (
                                            [lat] => 41.831609
                                            [lng] => -88.051531
                                        )

                                )

                            [location] => Array
                                (
                                    [lat] => 41.8800296
                                    [lng] => -88.0078435
                                )

                            [location_type] => APPROXIMATE
                            [viewport] => Array
                                (
                                    [northeast] => Array
                                        (
                                            [lat] => 41.915062
                                            [lng] => -87.987256
                                        )

                                    [southwest] => Array
                                        (
                                            [lat] => 41.831609
                                            [lng] => -88.051531
                                        )

                                )

                        )

                    [types] => Array
                        (
                            [0] => locality
                            [1] => political
                        )

                )

            [2] => Array
                (
                    [address_components] => Array
                        (
                            [0] => Array
                                (
                                    [long_name] => York
                                    [short_name] => York
                                    [types] => Array
                                        (
                                            [0] => administrative_area_level_3
                                            [1] => political
                                        )

                                )

                            [1] => Array
                                (
                                    [long_name] => DuPage
                                    [short_name] => DuPage
                                    [types] => Array
                                        (
                                            [0] => administrative_area_level_2
                                            [1] => political
                                        )

                                )

                            [2] => Array
                                (
                                    [long_name] => Illinois
                                    [short_name] => IL
                                    [types] => Array
                                        (
                                            [0] => administrative_area_level_1
                                            [1] => political
                                        )

                                )

                            [3] => Array
                                (
                                    [long_name] => United States
                                    [short_name] => US
                                    [types] => Array
                                        (
                                            [0] => country
                                            [1] => political
                                        )

                                )

                        )

                    [formatted_address] => York, IL, USA
                    [geometry] => Array
                        (
                            [bounds] => Array
                                (
                                    [northeast] => Array
                                        (
                                            [lat] => 41.9068
                                            [lng] => -87.9183819
                                        )

                                    [southwest] => Array
                                        (
                                            [lat] => 41.815473
                                            [lng] => -88.034066
                                        )

                                )

                            [location] => Array
                                (
                                    [lat] => 41.8621106
                                    [lng] => -87.972681
                                )

                            [location_type] => APPROXIMATE
                            [viewport] => Array
                                (
                                    [northeast] => Array
                                        (
                                            [lat] => 41.9068
                                            [lng] => -87.9183819
                                        )

                                    [southwest] => Array
                                        (
                                            [lat] => 41.815473
                                            [lng] => -88.034066
                                        )

                                )

                        )

                    [types] => Array
                        (
                            [0] => administrative_area_level_3
                            [1] => political
                        )

                )

            [3] => Array
                (
                    [address_components] => Array
                        (
                            [0] => Array
                                (
                                    [long_name] => 60148
                                    [short_name] => 60148
                                    [types] => Array
                                        (
                                            [0] => postal_code
                                        )

                                )

                            [1] => Array
                                (
                                    [long_name] => Lombard
                                    [short_name] => Lombard
                                    [types] => Array
                                        (
                                            [0] => locality
                                            [1] => political
                                        )

                                )

                            [2] => Array
                                (
                                    [long_name] => DuPage
                                    [short_name] => DuPage
                                    [types] => Array
                                        (
                                            [0] => administrative_area_level_2
                                            [1] => political
                                        )

                                )

                            [3] => Array
                                (
                                    [long_name] => Illinois
                                    [short_name] => IL
                                    [types] => Array
                                        (
                                            [0] => administrative_area_level_1
                                            [1] => political
                                        )

                                )

                            [4] => Array
                                (
                                    [long_name] => United States
                                    [short_name] => US
                                    [types] => Array
                                        (
                                            [0] => country
                                            [1] => political
                                        )

                                )

                        )

                    [formatted_address] => Lombard, IL 60148, USA
                    [geometry] => Array
                        (
                            [bounds] => Array
                                (
                                    [northeast] => Array
                                        (
                                            [lat] => 41.923379
                                            [lng] => -87.974863
                                        )

                                    [southwest] => Array
                                        (
                                            [lat] => 41.815176
                                            [lng] => -88.073172
                                        )

                                )

                            [location] => Array
                                (
                                    [lat] => 41.8725524
                                    [lng] => -88.0020589
                                )

                            [location_type] => APPROXIMATE
                            [viewport] => Array
                                (
                                    [northeast] => Array
                                        (
                                            [lat] => 41.923379
                                            [lng] => -87.974863
                                        )

                                    [southwest] => Array
                                        (
                                            [lat] => 41.815176
                                            [lng] => -88.073172
                                        )

                                )

                        )

                    [types] => Array
                        (
                            [0] => postal_code
                        )

                )

            [4] => Array
                (
                    [address_components] => Array
                        (
                            [0] => Array
                                (
                                    [long_name] => DuPage
                                    [short_name] => DuPage
                                    [types] => Array
                                        (
                                            [0] => administrative_area_level_2
                                            [1] => political
                                        )

                                )

                            [1] => Array
                                (
                                    [long_name] => Illinois
                                    [short_name] => IL
                                    [types] => Array
                                        (
                                            [0] => administrative_area_level_1
                                            [1] => political
                                        )

                                )

                            [2] => Array
                                (
                                    [long_name] => United States
                                    [short_name] => US
                                    [types] => Array
                                        (
                                            [0] => country
                                            [1] => political
                                        )

                                )

                        )

                    [formatted_address] => DuPage, IL, USA
                    [geometry] => Array
                        (
                            [bounds] => Array
                                (
                                    [northeast] => Array
                                        (
                                            [lat] => 41.994029
                                            [lng] => -87.9142569
                                        )

                                    [southwest] => Array
                                        (
                                            [lat] => 41.68533
                                            [lng] => -88.263178
                                        )

                                )

                            [location] => Array
                                (
                                    [lat] => 41.8243831
                                    [lng] => -88.0900762
                                )

                            [location_type] => APPROXIMATE
                            [viewport] => Array
                                (
                                    [northeast] => Array
                                        (
                                            [lat] => 41.994029
                                            [lng] => -87.9142569
                                        )

                                    [southwest] => Array
                                        (
                                            [lat] => 41.68533
                                            [lng] => -88.263178
                                        )

                                )

                        )

                    [types] => Array
                        (
                            [0] => administrative_area_level_2
                            [1] => political
                        )

                )

            [5] => Array
                (
                    [address_components] => Array
                        (
                            [0] => Array
                                (
                                    [long_name] => Illinois
                                    [short_name] => IL
                                    [types] => Array
                                        (
                                            [0] => administrative_area_level_1
                                            [1] => political
                                        )

                                )

                            [1] => Array
                                (
                                    [long_name] => United States
                                    [short_name] => US
                                    [types] => Array
                                        (
                                            [0] => country
                                            [1] => political
                                        )

                                )

                        )

                    [formatted_address] => Illinois, USA
                    [geometry] => Array
                        (
                            [bounds] => Array
                                (
                                    [northeast] => Array
                                        (
                                            [lat] => 42.5083379
                                            [lng] => -87.495199
                                        )

                                    [southwest] => Array
                                        (
                                            [lat] => 36.970298
                                            [lng] => -91.5130789
                                        )

                                )

                            [location] => Array
                                (
                                    [lat] => 40.6331249
                                    [lng] => -89.3985283
                                )

                            [location_type] => APPROXIMATE
                            [viewport] => Array
                                (
                                    [northeast] => Array
                                        (
                                            [lat] => 42.5083379
                                            [lng] => -87.495199
                                        )

                                    [southwest] => Array
                                        (
                                            [lat] => 36.970298
                                            [lng] => -91.5130789
                                        )

                                )

                        )

                    [types] => Array
                        (
                            [0] => administrative_area_level_1
                            [1] => political
                        )

                )

            [6] => Array
                (
                    [address_components] => Array
                        (
                            [0] => Array
                                (
                                    [long_name] => United States
                                    [short_name] => US
                                    [types] => Array
                                        (
                                            [0] => country
                                            [1] => political
                                        )

                                )

                        )

                    [formatted_address] => United States
                    [geometry] => Array
                        (
                            [bounds] => Array
                                (
                                    [northeast] => Array
                                        (
                                            [lat] => 90
                                            [lng] => 180
                                        )

                                    [southwest] => Array
                                        (
                                            [lat] => -90
                                            [lng] => -180
                                        )

                                )

                            [location] => Array
                                (
                                    [lat] => 37.09024
                                    [lng] => -95.712891
                                )

                            [location_type] => APPROXIMATE
                            [viewport] => Array
                                (
                                    [northeast] => Array
                                        (
                                            [lat] => 49.38
                                            [lng] => -66.94
                                        )

                                    [southwest] => Array
                                        (
                                            [lat] => 25.82
                                            [lng] => -124.39
                                        )

                                )

                        )

                    [types] => Array
                        (
                            [0] => country
                            [1] => political
                        )

                )

        )

    [status] => OK
)

2012-07-04T17:22:42+00:00 INFO (6): http://maps.googleapis.com/maps/api/geocode/json?latlng=41.90109409999999,-87.9355379&sensor=false
2012-07-04T17:22:42+00:00 INFO (6): Array
(
    [results] => Array
        (
            [0] => Array
                (
                    [address_components] => Array
                        (
                            [0] => Array
                                (
                                    [long_name] => 176-202
                                    [short_name] => 176-202
                                    [types] => Array
                                        (
                                            [0] => street_number
                                        )

                                )

                            [1] => Array
                                (
                                    [long_name] => Schiller St
                                    [short_name] => Schiller St
                                    [types] => Array
                                        (
                                            [0] => route
                                        )

                                )

                            [2] => Array
                                (
                                    [long_name] => Elmhurst
                                    [short_name] => Elmhurst
                                    [types] => Array
                                        (
                                            [0] => locality
                                            [1] => political
                                        )

                                )

                            [3] => Array
                                (
                                    [long_name] => York
                                    [short_name] => York
                                    [types] => Array
                                        (
                                            [0] => administrative_area_level_3
                                            [1] => political
                                        )

                                )

                            [4] => Array
                                (
                                    [long_name] => DuPage
                                    [short_name] => DuPage
                                    [types] => Array
                                        (
                                            [0] => administrative_area_level_2
                                            [1] => political
                                        )

                                )

                            [5] => Array
                                (
                                    [long_name] => Illinois
                                    [short_name] => IL
                                    [types] => Array
                                        (
                                            [0] => administrative_area_level_1
                                            [1] => political
                                        )

                                )

                            [6] => Array
                                (
                                    [long_name] => United States
                                    [short_name] => US
                                    [types] => Array
                                        (
                                            [0] => country
                                            [1] => political
                                        )

                                )

                            [7] => Array
                                (
                                    [long_name] => 60126
                                    [short_name] => 60126
                                    [types] => Array
                                        (
                                            [0] => postal_code
                                        )

                                )

                        )

                    [formatted_address] => 176-202 Schiller St, Elmhurst, IL 60126, USA
                    [geometry] => Array
                        (
                            [bounds] => Array
                                (
                                    [northeast] => Array
                                        (
                                            [lat] => 41.9011779
                                            [lng] => -87.9349937
                                        )

                                    [southwest] => Array
                                        (
                                            [lat] => 41.901164
                                            [lng] => -87.936359
                                        )

                                )

                            [location] => Array
                                (
                                    [lat] => 41.9011716
                                    [lng] => -87.9355393
                                )

                            [location_type] => RANGE_INTERPOLATED
                            [viewport] => Array
                                (
                                    [northeast] => Array
                                        (
                                            [lat] => 41.9025199303
                                            [lng] => -87.9343273697
                                        )

                                    [southwest] => Array
                                        (
                                            [lat] => 41.8998219697
                                            [lng] => -87.9370253303
                                        )

                                )

                        )

                    [types] => Array
                        (
                            [0] => street_address
                        )

                )

            [1] => Array
                (
                    [address_components] => Array
                        (
                            [0] => Array
                                (
                                    [long_name] => Elmhurst
                                    [short_name] => Elmhurst
                                    [types] => Array
                                        (
                                            [0] => locality
                                            [1] => political
                                        )

                                )

                            [1] => Array
                                (
                                    [long_name] => York
                                    [short_name] => York
                                    [types] => Array
                                        (
                                            [0] => administrative_area_level_3
                                            [1] => political
                                        )

                                )

                            [2] => Array
                                (
                                    [long_name] => DuPage
                                    [short_name] => DuPage
                                    [types] => Array
                                        (
                                            [0] => administrative_area_level_2
                                            [1] => political
                                        )

                                )

                            [3] => Array
                                (
                                    [long_name] => Illinois
                                    [short_name] => IL
                                    [types] => Array
                                        (
                                            [0] => administrative_area_level_1
                                            [1] => political
                                        )

                                )

                            [4] => Array
                                (
                                    [long_name] => United States
                                    [short_name] => US
                                    [types] => Array
                                        (
                                            [0] => country
                                            [1] => political
                                        )

                                )

                        )

                    [formatted_address] => Elmhurst, IL, USA
                    [geometry] => Array
                        (
                            [bounds] => Array
                                (
                                    [northeast] => Array
                                        (
                                            [lat] => 41.931573
                                            [lng] => -87.918199
                                        )

                                    [southwest] => Array
                                        (
                                            [lat] => 41.85865
                                            [lng] => -87.9691809
                                        )

                                )

                            [location] => Array
                                (
                                    [lat] => 41.8994744
                                    [lng] => -87.9403418
                                )

                            [location_type] => APPROXIMATE
                            [viewport] => Array
                                (
                                    [northeast] => Array
                                        (
                                            [lat] => 41.931573
                                            [lng] => -87.918199
                                        )

                                    [southwest] => Array
                                        (
                                            [lat] => 41.85865
                                            [lng] => -87.9691809
                                        )

                                )

                        )

                    [types] => Array
                        (
                            [0] => locality
                            [1] => political
                        )

                )

            [2] => Array
                (
                    [address_components] => Array
                        (
                            [0] => Array
                                (
                                    [long_name] => 60126
                                    [short_name] => 60126
                                    [types] => Array
                                        (
                                            [0] => postal_code
                                        )

                                )

                            [1] => Array
                                (
                                    [long_name] => Elmhurst
                                    [short_name] => Elmhurst
                                    [types] => Array
                                        (
                                            [0] => locality
                                            [1] => political
                                        )

                                )

                            [2] => Array
                                (
                                    [long_name] => Illinois
                                    [short_name] => IL
                                    [types] => Array
                                        (
                                            [0] => administrative_area_level_1
                                            [1] => political
                                        )

                                )

                            [3] => Array
                                (
                                    [long_name] => United States
                                    [short_name] => US
                                    [types] => Array
                                        (
                                            [0] => country
                                            [1] => political
                                        )

                                )

                        )

                    [formatted_address] => Elmhurst, IL 60126, USA
                    [geometry] => Array
                        (
                            [bounds] => Array
                                (
                                    [northeast] => Array
                                        (
                                            [lat] => 41.935713
                                            [lng] => -87.912577
                                        )

                                    [southwest] => Array
                                        (
                                            [lat] => 41.8467289
                                            [lng] => -87.9693609
                                        )

                                )

                            [location] => Array
                                (
                                    [lat] => 41.89137
                                    [lng] => -87.9432837
                                )

                            [location_type] => APPROXIMATE
                            [viewport] => Array
                                (
                                    [northeast] => Array
                                        (
                                            [lat] => 41.935713
                                            [lng] => -87.912577
                                        )

                                    [southwest] => Array
                                        (
                                            [lat] => 41.8467289
                                            [lng] => -87.9693609
                                        )

                                )

                        )

                    [types] => Array
                        (
                            [0] => postal_code
                        )

                )

            [3] => Array
                (
                    [address_components] => Array
                        (
                            [0] => Array
                                (
                                    [long_name] => York
                                    [short_name] => York
                                    [types] => Array
                                        (
                                            [0] => administrative_area_level_3
                                            [1] => political
                                        )

                                )

                            [1] => Array
                                (
                                    [long_name] => DuPage
                                    [short_name] => DuPage
                                    [types] => Array
                                        (
                                            [0] => administrative_area_level_2
                                            [1] => political
                                        )

                                )

                            [2] => Array
                                (
                                    [long_name] => Illinois
                                    [short_name] => IL
                                    [types] => Array
                                        (
                                            [0] => administrative_area_level_1
                                            [1] => political
                                        )

                                )

                            [3] => Array
                                (
                                    [long_name] => United States
                                    [short_name] => US
                                    [types] => Array
                                        (
                                            [0] => country
                                            [1] => political
                                        )

                                )

                        )

                    [formatted_address] => York, IL, USA
                    [geometry] => Array
                        (
                            [bounds] => Array
                                (
                                    [northeast] => Array
                                        (
                                            [lat] => 41.9068
                                            [lng] => -87.9183819
                                        )

                                    [southwest] => Array
                                        (
                                            [lat] => 41.815473
                                            [lng] => -88.034066
                                        )

                                )

                            [location] => Array
                                (
                                    [lat] => 41.8621106
                                    [lng] => -87.972681
                                )

                            [location_type] => APPROXIMATE
                            [viewport] => Array
                                (
                                    [northeast] => Array
                                        (
                                            [lat] => 41.9068
                                            [lng] => -87.9183819
                                        )

                                    [southwest] => Array
                                        (
                                            [lat] => 41.815473
                                            [lng] => -88.034066
                                        )

                                )

                        )

                    [types] => Array
                        (
                            [0] => administrative_area_level_3
                            [1] => political
                        )

                )

            [4] => Array
                (
                    [address_components] => Array
                        (
                            [0] => Array
                                (
                                    [long_name] => DuPage
                                    [short_name] => DuPage
                                    [types] => Array
                                        (
                                            [0] => administrative_area_level_2
                                            [1] => political
                                        )

                                )

                            [1] => Array
                                (
                                    [long_name] => Illinois
                                    [short_name] => IL
                                    [types] => Array
                                        (
                                            [0] => administrative_area_level_1
                                            [1] => political
                                        )

                                )

                            [2] => Array
                                (
                                    [long_name] => United States
                                    [short_name] => US
                                    [types] => Array
                                        (
                                            [0] => country
                                            [1] => political
                                        )

                                )

                        )

                    [formatted_address] => DuPage, IL, USA
                    [geometry] => Array
                        (
                            [bounds] => Array
                                (
                                    [northeast] => Array
                                        (
                                            [lat] => 41.994029
                                            [lng] => -87.9142569
                                        )

                                    [southwest] => Array
                                        (
                                            [lat] => 41.68533
                                            [lng] => -88.263178
                                        )

                                )

                            [location] => Array
                                (
                                    [lat] => 41.8243831
                                    [lng] => -88.0900762
                                )

                            [location_type] => APPROXIMATE
                            [viewport] => Array
                                (
                                    [northeast] => Array
                                        (
                                            [lat] => 41.994029
                                            [lng] => -87.9142569
                                        )

                                    [southwest] => Array
                                        (
                                            [lat] => 41.68533
                                            [lng] => -88.263178
                                        )

                                )

                        )

                    [types] => Array
                        (
                            [0] => administrative_area_level_2
                            [1] => political
                        )

                )

            [5] => Array
                (
                    [address_components] => Array
                        (
                            [0] => Array
                                (
                                    [long_name] => Illinois
                                    [short_name] => IL
                                    [types] => Array
                                        (
                                            [0] => administrative_area_level_1
                                            [1] => political
                                        )

                                )

                            [1] => Array
                                (
                                    [long_name] => United States
                                    [short_name] => US
                                    [types] => Array
                                        (
                                            [0] => country
                                            [1] => political
                                        )

                                )

                        )

                    [formatted_address] => Illinois, USA
                    [geometry] => Array
                        (
                            [bounds] => Array
                                (
                                    [northeast] => Array
                                        (
                                            [lat] => 42.5083379
                                            [lng] => -87.495199
                                        )

                                    [southwest] => Array
                                        (
                                            [lat] => 36.970298
                                            [lng] => -91.5130789
                                        )

                                )

                            [location] => Array
                                (
                                    [lat] => 40.6331249
                                    [lng] => -89.3985283
                                )

                            [location_type] => APPROXIMATE
                            [viewport] => Array
                                (
                                    [northeast] => Array
                                        (
                                            [lat] => 42.5083379
                                            [lng] => -87.495199
                                        )

                                    [southwest] => Array
                                        (
                                            [lat] => 36.970298
                                            [lng] => -91.5130789
                                        )

                                )

                        )

                    [types] => Array
                        (
                            [0] => administrative_area_level_1
                            [1] => political
                        )

                )

            [6] => Array
                (
                    [address_components] => Array
                        (
                            [0] => Array
                                (
                                    [long_name] => United States
                                    [short_name] => US
                                    [types] => Array
                                        (
                                            [0] => country
                                            [1] => political
                                        )

                                )

                        )

                    [formatted_address] => United States
                    [geometry] => Array
                        (
                            [bounds] => Array
                                (
                                    [northeast] => Array
                                        (
                                            [lat] => 90
                                            [lng] => 180
                                        )

                                    [southwest] => Array
                                        (
                                            [lat] => -90
                                            [lng] => -180
                                        )

                                )

                            [location] => Array
                                (
                                    [lat] => 37.09024
                                    [lng] => -95.712891
                                )

                            [location_type] => APPROXIMATE
                            [viewport] => Array
                                (
                                    [northeast] => Array
                                        (
                                            [lat] => 49.38
                                            [lng] => -66.94
                                        )

                                    [southwest] => Array
                                        (
                                            [lat] => 25.82
                                            [lng] => -124.39
                                        )

                                )

                        )

                    [types] => Array
                        (
                            [0] => country
                            [1] => political
                        )

                )

        )

    [status] => OK
)

2012-07-04T19:54:54+00:00 INFO (6): http://maps.googleapis.com/maps/api/geocode/json?latlng=41.8592026,-88.05740159999999&sensor=false
2012-07-04T19:54:54+00:00 INFO (6): 
2012-07-04T21:10:15+00:00 INFO (6): http://maps.googleapis.com/maps/api/geocode/json?latlng=41.8592026,-88.05740159999999&sensor=false
2012-07-04T21:10:15+00:00 INFO (6): 
2012-07-04T22:55:23+00:00 INFO (6): http://maps.googleapis.com/maps/api/geocode/json?latlng=41.899474,-87.94034099999999&sensor=false
2012-07-04T22:55:23+00:00 INFO (6): Array
(
    [results] => Array
        (
            [0] => Array
                (
                    [address_components] => Array
                        (
                            [0] => Array
                                (
                                    [long_name] => 101-121
                                    [short_name] => 101-121
                                    [types] => Array
                                        (
                                            [0] => street_number
                                        )

                                )

                            [1] => Array
                                (
                                    [long_name] => W Park Ave
                                    [short_name] => W Park Ave
                                    [types] => Array
                                        (
                                            [0] => route
                                        )

                                )

                            [2] => Array
                                (
                                    [long_name] => Elmhurst
                                    [short_name] => Elmhurst
                                    [types] => Array
                                        (
                                            [0] => locality
                                            [1] => political
                                        )

                                )

                            [3] => Array
                                (
                                    [long_name] => York
                                    [short_name] => York
                                    [types] => Array
                                        (
                                            [0] => administrative_area_level_3
                                            [1] => political
                                        )

                                )

                            [4] => Array
                                (
                                    [long_name] => DuPage
                                    [short_name] => DuPage
                                    [types] => Array
                                        (
                                            [0] => administrative_area_level_2
                                            [1] => political
                                        )

                                )

                            [5] => Array
                                (
                                    [long_name] => Illinois
                                    [short_name] => IL
                                    [types] => Array
                                        (
                                            [0] => administrative_area_level_1
                                            [1] => political
                                        )

                                )

                            [6] => Array
                                (
                                    [long_name] => United States
                                    [short_name] => US
                                    [types] => Array
                                        (
                                            [0] => country
                                            [1] => political
                                        )

                                )

                            [7] => Array
                                (
                                    [long_name] => 60126
                                    [short_name] => 60126
                                    [types] => Array
                                        (
                                            [0] => postal_code
                                        )

                                )

                        )

                    [formatted_address] => 101-121 W Park Ave, Elmhurst, IL 60126, USA
                    [geometry] => Array
                        (
                            [bounds] => Array
                                (
                                    [northeast] => Array
                                        (
                                            [lat] => 41.899435
                                            [lng] => -87.9399849
                                        )

                                    [southwest] => Array
                                        (
                                            [lat] => 41.8993391
                                            [lng] => -87.941132
                                        )

                                )

                            [location] => Array
                                (
                                    [lat] => 41.8993709
                                    [lng] => -87.9403566
                                )

                            [location_type] => RANGE_INTERPOLATED
                            [viewport] => Array
                                (
                                    [northeast] => Array
                                        (
                                            [lat] => 41.9007360303
                                            [lng] => -87.9392094697
                                        )

                                    [southwest] => Array
                                        (
                                            [lat] => 41.8980380697
                                            [lng] => -87.9419074303
                                        )

                                )

                        )

                    [types] => Array
                        (
                            [0] => street_address
                        )

                )

            [1] => Array
                (
                    [address_components] => Array
                        (
                            [0] => Array
                                (
                                    [long_name] => Elmhurst
                                    [short_name] => Elmhurst
                                    [types] => Array
                                        (
                                            [0] => locality
                                            [1] => political
                                        )

                                )

                            [1] => Array
                                (
                                    [long_name] => York
                                    [short_name] => York
                                    [types] => Array
                                        (
                                            [0] => administrative_area_level_3
                                            [1] => political
                                        )

                                )

                            [2] => Array
                                (
                                    [long_name] => DuPage
                                    [short_name] => DuPage
                                    [types] => Array
                                        (
                                            [0] => administrative_area_level_2
                                            [1] => political
                                        )

                                )

                            [3] => Array
                                (
                                    [long_name] => Illinois
                                    [short_name] => IL
                                    [types] => Array
                                        (
                                            [0] => administrative_area_level_1
                                            [1] => political
                                        )

                                )

                            [4] => Array
                                (
                                    [long_name] => United States
                                    [short_name] => US
                                    [types] => Array
                                        (
                                            [0] => country
                                            [1] => political
                                        )

                                )

                        )

                    [formatted_address] => Elmhurst, IL, USA
                    [geometry] => Array
                        (
                            [bounds] => Array
                                (
                                    [northeast] => Array
                                        (
                                            [lat] => 41.931573
                                            [lng] => -87.918199
                                        )

                                    [southwest] => Array
                                        (
                                            [lat] => 41.85865
                                            [lng] => -87.9691809
                                        )

                                )

                            [location] => Array
                                (
                                    [lat] => 41.8994744
                                    [lng] => -87.9403418
                                )

                            [location_type] => APPROXIMATE
                            [viewport] => Array
                                (
                                    [northeast] => Array
                                        (
                                            [lat] => 41.931573
                                            [lng] => -87.918199
                                        )

                                    [southwest] => Array
                                        (
                                            [lat] => 41.85865
                                            [lng] => -87.9691809
                                        )

                                )

                        )

                    [types] => Array
                        (
                            [0] => locality
                            [1] => political
                        )

                )

            [2] => Array
                (
                    [address_components] => Array
                        (
                            [0] => Array
                                (
                                    [long_name] => 60126
                                    [short_name] => 60126
                                    [types] => Array
                                        (
                                            [0] => postal_code
                                        )

                                )

                            [1] => Array
                                (
                                    [long_name] => Elmhurst
                                    [short_name] => Elmhurst
                                    [types] => Array
                                        (
                                            [0] => locality
                                            [1] => political
                                        )

                                )

                            [2] => Array
                                (
                                    [long_name] => Illinois
                                    [short_name] => IL
                                    [types] => Array
                                        (
                                            [0] => administrative_area_level_1
                                            [1] => political
                                        )

                                )

                            [3] => Array
                                (
                                    [long_name] => United States
                                    [short_name] => US
                                    [types] => Array
                                        (
                                            [0] => country
                                            [1] => political
                                        )

                                )

                        )

                    [formatted_address] => Elmhurst, IL 60126, USA
                    [geometry] => Array
                        (
                            [bounds] => Array
                                (
                                    [northeast] => Array
                                        (
                                            [lat] => 41.935713
                                            [lng] => -87.912577
                                        )

                                    [southwest] => Array
                                        (
                                            [lat] => 41.8467289
                                            [lng] => -87.9693609
                                        )

                                )

                            [location] => Array
                                (
                                    [lat] => 41.89137
                                    [lng] => -87.9432837
                                )

                            [location_type] => APPROXIMATE
                            [viewport] => Array
                                (
                                    [northeast] => Array
                                        (
                                            [lat] => 41.935713
                                            [lng] => -87.912577
                                        )

                                    [southwest] => Array
                                        (
                                            [lat] => 41.8467289
                                            [lng] => -87.9693609
                                        )

                                )

                        )

                    [types] => Array
                        (
                            [0] => postal_code
                        )

                )

            [3] => Array
                (
                    [address_components] => Array
                        (
                            [0] => Array
                                (
                                    [long_name] => York
                                    [short_name] => York
                                    [types] => Array
                                        (
                                            [0] => administrative_area_level_3
                                            [1] => political
                                        )

                                )

                            [1] => Array
                                (
                                    [long_name] => DuPage
                                    [short_name] => DuPage
                                    [types] => Array
                                        (
                                            [0] => administrative_area_level_2
                                            [1] => political
                                        )

                                )

                            [2] => Array
                                (
                                    [long_name] => Illinois
                                    [short_name] => IL
                                    [types] => Array
                                        (
                                            [0] => administrative_area_level_1
                                            [1] => political
                                        )

                                )

                            [3] => Array
                                (
                                    [long_name] => United States
                                    [short_name] => US
                                    [types] => Array
                                        (
                                            [0] => country
                                            [1] => political
                                        )

                                )

                        )

                    [formatted_address] => York, IL, USA
                    [geometry] => Array
                        (
                            [bounds] => Array
                                (
                                    [northeast] => Array
                                        (
                                            [lat] => 41.9068
                                            [lng] => -87.9183819
                                        )

                                    [southwest] => Array
                                        (
                                            [lat] => 41.815473
                                            [lng] => -88.034066
                                        )

                                )

                            [location] => Array
                                (
                                    [lat] => 41.8621106
                                    [lng] => -87.972681
                                )

                            [location_type] => APPROXIMATE
                            [viewport] => Array
                                (
                                    [northeast] => Array
                                        (
                                            [lat] => 41.9068
                                            [lng] => -87.9183819
                                        )

                                    [southwest] => Array
                                        (
                                            [lat] => 41.815473
                                            [lng] => -88.034066
                                        )

                                )

                        )

                    [types] => Array
                        (
                            [0] => administrative_area_level_3
                            [1] => political
                        )

                )

            [4] => Array
                (
                    [address_components] => Array
                        (
                            [0] => Array
                                (
                                    [long_name] => DuPage
                                    [short_name] => DuPage
                                    [types] => Array
                                        (
                                            [0] => administrative_area_level_2
                                            [1] => political
                                        )

                                )

                            [1] => Array
                                (
                                    [long_name] => Illinois
                                    [short_name] => IL
                                    [types] => Array
                                        (
                                            [0] => administrative_area_level_1
                                            [1] => political
                                        )

                                )

                            [2] => Array
                                (
                                    [long_name] => United States
                                    [short_name] => US
                                    [types] => Array
                                        (
                                            [0] => country
                                            [1] => political
                                        )

                                )

                        )

                    [formatted_address] => DuPage, IL, USA
                    [geometry] => Array
                        (
                            [bounds] => Array
                                (
                                    [northeast] => Array
                                        (
                                            [lat] => 41.994029
                                            [lng] => -87.9142569
                                        )

                                    [southwest] => Array
                                        (
                                            [lat] => 41.68533
                                            [lng] => -88.263178
                                        )

                                )

                            [location] => Array
                                (
                                    [lat] => 41.8243831
                                    [lng] => -88.0900762
                                )

                            [location_type] => APPROXIMATE
                            [viewport] => Array
                                (
                                    [northeast] => Array
                                        (
                                            [lat] => 41.994029
                                            [lng] => -87.9142569
                                        )

                                    [southwest] => Array
                                        (
                                            [lat] => 41.68533
                                            [lng] => -88.263178
                                        )

                                )

                        )

                    [types] => Array
                        (
                            [0] => administrative_area_level_2
                            [1] => political
                        )

                )

            [5] => Array
                (
                    [address_components] => Array
                        (
                            [0] => Array
                                (
                                    [long_name] => Illinois
                                    [short_name] => IL
                                    [types] => Array
                                        (
                                            [0] => administrative_area_level_1
                                            [1] => political
                                        )

                                )

                            [1] => Array
                                (
                                    [long_name] => United States
                                    [short_name] => US
                                    [types] => Array
                                        (
                                            [0] => country
                                            [1] => political
                                        )

                                )

                        )

                    [formatted_address] => Illinois, USA
                    [geometry] => Array
                        (
                            [bounds] => Array
                                (
                                    [northeast] => Array
                                        (
                                            [lat] => 42.5083379
                                            [lng] => -87.495199
                                        )

                                    [southwest] => Array
                                        (
                                            [lat] => 36.970298
                                            [lng] => -91.5130789
                                        )

                                )

                            [location] => Array
                                (
                                    [lat] => 40.6331249
                                    [lng] => -89.3985283
                                )

                            [location_type] => APPROXIMATE
                            [viewport] => Array
                                (
                                    [northeast] => Array
                                        (
                                            [lat] => 42.5083379
                                            [lng] => -87.495199
                                        )

                                    [southwest] => Array
                                        (
                                            [lat] => 36.970298
                                            [lng] => -91.5130789
                                        )

                                )

                        )

                    [types] => Array
                        (
                            [0] => administrative_area_level_1
                            [1] => political
                        )

                )

            [6] => Array
                (
                    [address_components] => Array
                        (
                            [0] => Array
                                (
                                    [long_name] => United States
                                    [short_name] => US
                                    [types] => Array
                                        (
                                            [0] => country
                                            [1] => political
                                        )

                                )

                        )

                    [formatted_address] => United States
                    [geometry] => Array
                        (
                            [bounds] => Array
                                (
                                    [northeast] => Array
                                        (
                                            [lat] => 90
                                            [lng] => 180
                                        )

                                    [southwest] => Array
                                        (
                                            [lat] => -90
                                            [lng] => -180
                                        )

                                )

                            [location] => Array
                                (
                                    [lat] => 37.09024
                                    [lng] => -95.712891
                                )

                            [location_type] => APPROXIMATE
                            [viewport] => Array
                                (
                                    [northeast] => Array
                                        (
                                            [lat] => 49.38
                                            [lng] => -66.94
                                        )

                                    [southwest] => Array
                                        (
                                            [lat] => 25.82
                                            [lng] => -124.39
                                        )

                                )

                        )

                    [types] => Array
                        (
                            [0] => country
                            [1] => political
                        )

                )

        )

    [status] => OK
)

