2012-07-04T22:12:48+00:00 INFO (6): Array
(
    [0] => start
    [checkpoint] => Array
        (
        )

    [1] => end
    [start] => 1341439965.86
    [end] => 2.59910917282
)

2012-07-04T22:14:24+00:00 INFO (6): Array
(
    [start] => 1341440059.37
    [checkpoint] => Array
        (
        )

    [end] => 5.13700795174
)

2012-07-08T17:05:30+00:00 INFO (6): Array
(
    [start] => 1341767125.04
    [checkpoint] => Array
        (
        )

    [end] => 5.1381649971
)

2012-07-08T17:22:16+00:00 INFO (6): Array
(
    [start] => 1341768133.23
    [checkpoint] => Array
        (
        )

    [end] => 3.47866296768
)

2012-07-08T17:28:26+00:00 INFO (6): Array
(
    [start] => 1341768503.41
    [checkpoint] => Array
        (
        )

    [end] => 3.32764196396
)

2012-07-08T17:28:53+00:00 INFO (6): Array
(
    [start] => 1341768531.42
    [checkpoint] => Array
        (
        )

    [end] => 2.56314897537
)

