2012-07-04T20:43:54+00:00 ERR (3): 
exception 'Zend_Mail_Protocol_Exception' with message 'Could not open socket' in /Users/cbourdage/Sites/everylastmorsel-1.0/Every-Last-Morsel/trunk/library/Zend/Mail/Protocol/Abstract.php:277
Stack trace:
#0 /Users/cbourdage/Sites/everylastmorsel-1.0/Every-Last-Morsel/trunk/library/Zend/Mail/Protocol/Smtp.php(167): Zend_Mail_Protocol_Abstract->_connect('tcp://smtp.gmai...')
#1 /Users/cbourdage/Sites/everylastmorsel-1.0/Every-Last-Morsel/trunk/library/Zend/Mail/Transport/Smtp.php(199): Zend_Mail_Protocol_Smtp->connect()
#2 /Users/cbourdage/Sites/everylastmorsel-1.0/Every-Last-Morsel/trunk/library/Zend/Mail/Transport/Abstract.php(348): Zend_Mail_Transport_Smtp->_sendMail()
#3 /Users/cbourdage/Sites/everylastmorsel-1.0/Every-Last-Morsel/trunk/library/Zend/Mail.php(1194): Zend_Mail_Transport_Abstract->send(Object(Zend_Mail))
#4 /Users/cbourdage/Sites/everylastmorsel-1.0/Every-Last-Morsel/trunk/application/models/Email/Template.php(72): Zend_Mail->send()
#5 /Users/cbourdage/Sites/everylastmorsel-1.0/Every-Last-Morsel/trunk/application/models/Communication.php(49): Elm_Model_Email_Template->send(Array)
#6 /Users/cbourdage/Sites/everylastmorsel-1.0/Every-Last-Morsel/trunk/application/controllers/CommunicationController.php(41): Elm_Model_Communication->send()
#7 /Users/cbourdage/Sites/everylastmorsel-1.0/Every-Last-Morsel/trunk/library/Zend/Controller/Action.php(513): Elm_CommunicationController->sendAction()
#8 /Users/cbourdage/Sites/everylastmorsel-1.0/Every-Last-Morsel/trunk/library/Zend/Controller/Dispatcher/Standard.php(295): Zend_Controller_Action->dispatch('sendAction')
#9 /Users/cbourdage/Sites/everylastmorsel-1.0/Every-Last-Morsel/trunk/library/Zend/Controller/Front.php(954): Zend_Controller_Dispatcher_Standard->dispatch(Object(Zend_Controller_Request_Http), Object(Zend_Controller_Response_Http))
#10 /Users/cbourdage/Sites/everylastmorsel-1.0/Every-Last-Morsel/trunk/library/Zend/Application/Bootstrap/Bootstrap.php(97): Zend_Controller_Front->dispatch()
#11 /Users/cbourdage/Sites/everylastmorsel-1.0/Every-Last-Morsel/trunk/application/Elm.php(21): Zend_Application_Bootstrap_Bootstrap->run()
#12 /Users/cbourdage/Sites/everylastmorsel-1.0/Every-Last-Morsel/trunk/library/Zend/Application.php(366): Elm->run()
#13 /Users/cbourdage/Sites/everylastmorsel-1.0/Every-Last-Morsel/trunk/http/index.php(38): Zend_Application->run()
#14 {main}
2012-07-08T17:12:53+00:00 ERR (3): 
exception 'Zend_Mail_Protocol_Exception' with message '5.5.2 Syntax error. qo3sm15891315igc.8
' in /Users/cbourdage/Sites/everylastmorsel-1.0/Every-Last-Morsel/trunk/library/Zend/Mail/Protocol/Abstract.php:431
Stack trace:
#0 /Users/cbourdage/Sites/everylastmorsel-1.0/Every-Last-Morsel/trunk/library/Zend/Mail/Protocol/Smtp.php(289): Zend_Mail_Protocol_Abstract->_expect(Array, 300)
#1 /Users/cbourdage/Sites/everylastmorsel-1.0/Every-Last-Morsel/trunk/library/Zend/Mail/Transport/Smtp.php(211): Zend_Mail_Protocol_Smtp->rcpt('')
#2 /Users/cbourdage/Sites/everylastmorsel-1.0/Every-Last-Morsel/trunk/library/Zend/Mail/Transport/Abstract.php(348): Zend_Mail_Transport_Smtp->_sendMail()
#3 /Users/cbourdage/Sites/everylastmorsel-1.0/Every-Last-Morsel/trunk/library/Zend/Mail.php(1194): Zend_Mail_Transport_Abstract->send(Object(Zend_Mail))
#4 /Users/cbourdage/Sites/everylastmorsel-1.0/Every-Last-Morsel/trunk/application/models/Email/Template.php(72): Zend_Mail->send()
#5 /Users/cbourdage/Sites/everylastmorsel-1.0/Every-Last-Morsel/trunk/application/models/Communication.php(53): Elm_Model_Email_Template->send(Array)
#6 /Users/cbourdage/Sites/everylastmorsel-1.0/Every-Last-Morsel/trunk/application/controllers/CommunicationController.php(47): Elm_Model_Communication->send()
#7 /Users/cbourdage/Sites/everylastmorsel-1.0/Every-Last-Morsel/trunk/library/Zend/Controller/Action.php(513): Elm_CommunicationController->sendAction()
#8 /Users/cbourdage/Sites/everylastmorsel-1.0/Every-Last-Morsel/trunk/library/Zend/Controller/Dispatcher/Standard.php(295): Zend_Controller_Action->dispatch('sendAction')
#9 /Users/cbourdage/Sites/everylastmorsel-1.0/Every-Last-Morsel/trunk/library/Zend/Controller/Front.php(954): Zend_Controller_Dispatcher_Standard->dispatch(Object(Zend_Controller_Request_Http), Object(Zend_Controller_Response_Http))
#10 /Users/cbourdage/Sites/everylastmorsel-1.0/Every-Last-Morsel/trunk/library/Zend/Application/Bootstrap/Bootstrap.php(97): Zend_Controller_Front->dispatch()
#11 /Users/cbourdage/Sites/everylastmorsel-1.0/Every-Last-Morsel/trunk/application/Elm.php(21): Zend_Application_Bootstrap_Bootstrap->run()
#12 /Users/cbourdage/Sites/everylastmorsel-1.0/Every-Last-Morsel/trunk/library/Zend/Application.php(366): Elm->run()
#13 /Users/cbourdage/Sites/everylastmorsel-1.0/Every-Last-Morsel/trunk/http/index.php(38): Zend_Application->run()
#14 {main}
2012-07-08T17:13:07+00:00 ERR (3): 
exception 'Zend_Mail_Protocol_Exception' with message '5.5.2 Syntax error. gh2sm15889176igb.9
' in /Users/cbourdage/Sites/everylastmorsel-1.0/Every-Last-Morsel/trunk/library/Zend/Mail/Protocol/Abstract.php:431
Stack trace:
#0 /Users/cbourdage/Sites/everylastmorsel-1.0/Every-Last-Morsel/trunk/library/Zend/Mail/Protocol/Smtp.php(289): Zend_Mail_Protocol_Abstract->_expect(Array, 300)
#1 /Users/cbourdage/Sites/everylastmorsel-1.0/Every-Last-Morsel/trunk/library/Zend/Mail/Transport/Smtp.php(211): Zend_Mail_Protocol_Smtp->rcpt('')
#2 /Users/cbourdage/Sites/everylastmorsel-1.0/Every-Last-Morsel/trunk/library/Zend/Mail/Transport/Abstract.php(348): Zend_Mail_Transport_Smtp->_sendMail()
#3 /Users/cbourdage/Sites/everylastmorsel-1.0/Every-Last-Morsel/trunk/library/Zend/Mail.php(1194): Zend_Mail_Transport_Abstract->send(Object(Zend_Mail))
#4 /Users/cbourdage/Sites/everylastmorsel-1.0/Every-Last-Morsel/trunk/application/models/Email/Template.php(72): Zend_Mail->send()
#5 /Users/cbourdage/Sites/everylastmorsel-1.0/Every-Last-Morsel/trunk/application/models/Communication.php(53): Elm_Model_Email_Template->send(Array)
#6 /Users/cbourdage/Sites/everylastmorsel-1.0/Every-Last-Morsel/trunk/application/controllers/CommunicationController.php(47): Elm_Model_Communication->send()
#7 /Users/cbourdage/Sites/everylastmorsel-1.0/Every-Last-Morsel/trunk/library/Zend/Controller/Action.php(513): Elm_CommunicationController->sendAction()
#8 /Users/cbourdage/Sites/everylastmorsel-1.0/Every-Last-Morsel/trunk/library/Zend/Controller/Dispatcher/Standard.php(295): Zend_Controller_Action->dispatch('sendAction')
#9 /Users/cbourdage/Sites/everylastmorsel-1.0/Every-Last-Morsel/trunk/library/Zend/Controller/Front.php(954): Zend_Controller_Dispatcher_Standard->dispatch(Object(Zend_Controller_Request_Http), Object(Zend_Controller_Response_Http))
#10 /Users/cbourdage/Sites/everylastmorsel-1.0/Every-Last-Morsel/trunk/library/Zend/Application/Bootstrap/Bootstrap.php(97): Zend_Controller_Front->dispatch()
#11 /Users/cbourdage/Sites/everylastmorsel-1.0/Every-Last-Morsel/trunk/application/Elm.php(21): Zend_Application_Bootstrap_Bootstrap->run()
#12 /Users/cbourdage/Sites/everylastmorsel-1.0/Every-Last-Morsel/trunk/library/Zend/Application.php(366): Elm->run()
#13 /Users/cbourdage/Sites/everylastmorsel-1.0/Every-Last-Morsel/trunk/http/index.php(38): Zend_Application->run()
#14 {main}
2012-07-08T17:13:12+00:00 ERR (3): 
exception 'Zend_Mail_Protocol_Exception' with message '5.5.2 Syntax error. bp8sm15876833igb.12
' in /Users/cbourdage/Sites/everylastmorsel-1.0/Every-Last-Morsel/trunk/library/Zend/Mail/Protocol/Abstract.php:431
Stack trace:
#0 /Users/cbourdage/Sites/everylastmorsel-1.0/Every-Last-Morsel/trunk/library/Zend/Mail/Protocol/Smtp.php(289): Zend_Mail_Protocol_Abstract->_expect(Array, 300)
#1 /Users/cbourdage/Sites/everylastmorsel-1.0/Every-Last-Morsel/trunk/library/Zend/Mail/Transport/Smtp.php(211): Zend_Mail_Protocol_Smtp->rcpt('')
#2 /Users/cbourdage/Sites/everylastmorsel-1.0/Every-Last-Morsel/trunk/library/Zend/Mail/Transport/Abstract.php(348): Zend_Mail_Transport_Smtp->_sendMail()
#3 /Users/cbourdage/Sites/everylastmorsel-1.0/Every-Last-Morsel/trunk/library/Zend/Mail.php(1194): Zend_Mail_Transport_Abstract->send(Object(Zend_Mail))
#4 /Users/cbourdage/Sites/everylastmorsel-1.0/Every-Last-Morsel/trunk/application/models/Email/Template.php(72): Zend_Mail->send()
#5 /Users/cbourdage/Sites/everylastmorsel-1.0/Every-Last-Morsel/trunk/application/models/Communication.php(53): Elm_Model_Email_Template->send(Array)
#6 /Users/cbourdage/Sites/everylastmorsel-1.0/Every-Last-Morsel/trunk/application/controllers/CommunicationController.php(47): Elm_Model_Communication->send()
#7 /Users/cbourdage/Sites/everylastmorsel-1.0/Every-Last-Morsel/trunk/library/Zend/Controller/Action.php(513): Elm_CommunicationController->sendAction()
#8 /Users/cbourdage/Sites/everylastmorsel-1.0/Every-Last-Morsel/trunk/library/Zend/Controller/Dispatcher/Standard.php(295): Zend_Controller_Action->dispatch('sendAction')
#9 /Users/cbourdage/Sites/everylastmorsel-1.0/Every-Last-Morsel/trunk/library/Zend/Controller/Front.php(954): Zend_Controller_Dispatcher_Standard->dispatch(Object(Zend_Controller_Request_Http), Object(Zend_Controller_Response_Http))
#10 /Users/cbourdage/Sites/everylastmorsel-1.0/Every-Last-Morsel/trunk/library/Zend/Application/Bootstrap/Bootstrap.php(97): Zend_Controller_Front->dispatch()
#11 /Users/cbourdage/Sites/everylastmorsel-1.0/Every-Last-Morsel/trunk/application/Elm.php(21): Zend_Application_Bootstrap_Bootstrap->run()
#12 /Users/cbourdage/Sites/everylastmorsel-1.0/Every-Last-Morsel/trunk/library/Zend/Application.php(366): Elm->run()
#13 /Users/cbourdage/Sites/everylastmorsel-1.0/Every-Last-Morsel/trunk/http/index.php(38): Zend_Application->run()
#14 {main}
2012-07-08T17:14:00+00:00 ERR (3): 
exception 'Zend_Mail_Protocol_Exception' with message '5.5.2 Syntax error. f8sm7359382ign.0
' in /Users/cbourdage/Sites/everylastmorsel-1.0/Every-Last-Morsel/trunk/library/Zend/Mail/Protocol/Abstract.php:431
Stack trace:
#0 /Users/cbourdage/Sites/everylastmorsel-1.0/Every-Last-Morsel/trunk/library/Zend/Mail/Protocol/Smtp.php(289): Zend_Mail_Protocol_Abstract->_expect(Array, 300)
#1 /Users/cbourdage/Sites/everylastmorsel-1.0/Every-Last-Morsel/trunk/library/Zend/Mail/Transport/Smtp.php(211): Zend_Mail_Protocol_Smtp->rcpt('')
#2 /Users/cbourdage/Sites/everylastmorsel-1.0/Every-Last-Morsel/trunk/library/Zend/Mail/Transport/Abstract.php(348): Zend_Mail_Transport_Smtp->_sendMail()
#3 /Users/cbourdage/Sites/everylastmorsel-1.0/Every-Last-Morsel/trunk/library/Zend/Mail.php(1194): Zend_Mail_Transport_Abstract->send(Object(Zend_Mail))
#4 /Users/cbourdage/Sites/everylastmorsel-1.0/Every-Last-Morsel/trunk/application/models/Email/Template.php(72): Zend_Mail->send()
#5 /Users/cbourdage/Sites/everylastmorsel-1.0/Every-Last-Morsel/trunk/application/models/Communication.php(53): Elm_Model_Email_Template->send(Array)
#6 /Users/cbourdage/Sites/everylastmorsel-1.0/Every-Last-Morsel/trunk/application/controllers/CommunicationController.php(47): Elm_Model_Communication->send()
#7 /Users/cbourdage/Sites/everylastmorsel-1.0/Every-Last-Morsel/trunk/library/Zend/Controller/Action.php(513): Elm_CommunicationController->sendAction()
#8 /Users/cbourdage/Sites/everylastmorsel-1.0/Every-Last-Morsel/trunk/library/Zend/Controller/Dispatcher/Standard.php(295): Zend_Controller_Action->dispatch('sendAction')
#9 /Users/cbourdage/Sites/everylastmorsel-1.0/Every-Last-Morsel/trunk/library/Zend/Controller/Front.php(954): Zend_Controller_Dispatcher_Standard->dispatch(Object(Zend_Controller_Request_Http), Object(Zend_Controller_Response_Http))
#10 /Users/cbourdage/Sites/everylastmorsel-1.0/Every-Last-Morsel/trunk/library/Zend/Application/Bootstrap/Bootstrap.php(97): Zend_Controller_Front->dispatch()
#11 /Users/cbourdage/Sites/everylastmorsel-1.0/Every-Last-Morsel/trunk/application/Elm.php(21): Zend_Application_Bootstrap_Bootstrap->run()
#12 /Users/cbourdage/Sites/everylastmorsel-1.0/Every-Last-Morsel/trunk/library/Zend/Application.php(366): Elm->run()
#13 /Users/cbourdage/Sites/everylastmorsel-1.0/Every-Last-Morsel/trunk/http/index.php(38): Zend_Application->run()
#14 {main}
2012-07-08T17:19:17+00:00 ERR (3): 
exception 'Zend_Mail_Protocol_Exception' with message '5.5.2 Syntax error. k5sm7167210igq.12
' in /Users/cbourdage/Sites/everylastmorsel-1.0/Every-Last-Morsel/trunk/library/Zend/Mail/Protocol/Abstract.php:431
Stack trace:
#0 /Users/cbourdage/Sites/everylastmorsel-1.0/Every-Last-Morsel/trunk/library/Zend/Mail/Protocol/Smtp.php(289): Zend_Mail_Protocol_Abstract->_expect(Array, 300)
#1 /Users/cbourdage/Sites/everylastmorsel-1.0/Every-Last-Morsel/trunk/library/Zend/Mail/Transport/Smtp.php(211): Zend_Mail_Protocol_Smtp->rcpt('')
#2 /Users/cbourdage/Sites/everylastmorsel-1.0/Every-Last-Morsel/trunk/library/Zend/Mail/Transport/Abstract.php(348): Zend_Mail_Transport_Smtp->_sendMail()
#3 /Users/cbourdage/Sites/everylastmorsel-1.0/Every-Last-Morsel/trunk/library/Zend/Mail.php(1194): Zend_Mail_Transport_Abstract->send(Object(Zend_Mail))
#4 /Users/cbourdage/Sites/everylastmorsel-1.0/Every-Last-Morsel/trunk/application/models/Email/Template.php(72): Zend_Mail->send()
#5 /Users/cbourdage/Sites/everylastmorsel-1.0/Every-Last-Morsel/trunk/application/models/Communication.php(53): Elm_Model_Email_Template->send(Array)
#6 /Users/cbourdage/Sites/everylastmorsel-1.0/Every-Last-Morsel/trunk/application/controllers/CommunicationController.php(47): Elm_Model_Communication->send()
#7 /Users/cbourdage/Sites/everylastmorsel-1.0/Every-Last-Morsel/trunk/library/Zend/Controller/Action.php(513): Elm_CommunicationController->sendAction()
#8 /Users/cbourdage/Sites/everylastmorsel-1.0/Every-Last-Morsel/trunk/library/Zend/Controller/Dispatcher/Standard.php(295): Zend_Controller_Action->dispatch('sendAction')
#9 /Users/cbourdage/Sites/everylastmorsel-1.0/Every-Last-Morsel/trunk/library/Zend/Controller/Front.php(954): Zend_Controller_Dispatcher_Standard->dispatch(Object(Zend_Controller_Request_Http), Object(Zend_Controller_Response_Http))
#10 /Users/cbourdage/Sites/everylastmorsel-1.0/Every-Last-Morsel/trunk/library/Zend/Application/Bootstrap/Bootstrap.php(97): Zend_Controller_Front->dispatch()
#11 /Users/cbourdage/Sites/everylastmorsel-1.0/Every-Last-Morsel/trunk/application/Elm.php(21): Zend_Application_Bootstrap_Bootstrap->run()
#12 /Users/cbourdage/Sites/everylastmorsel-1.0/Every-Last-Morsel/trunk/library/Zend/Application.php(366): Elm->run()
#13 /Users/cbourdage/Sites/everylastmorsel-1.0/Every-Last-Morsel/trunk/http/index.php(38): Zend_Application->run()
#14 {main}
